#
# There is insufficient memory for the Java Runtime Environment to continue.
# Native memory allocation (mmap) failed to map 132120576 bytes. Error detail: G1 virtual space
# Possible reasons:
#   The system is out of physical RAM or swap space
#   This process is running with CompressedOops enabled, and the Java Heap may be blocking the growth of the native heap
# Possible solutions:
#   Reduce memory load on the system
#   Increase physical memory or swap space
#   Check if swap backing store is full
#   Decrease Java heap size (-Xmx/-Xms)
#   Decrease number of Java threads
#   Decrease Java thread stack sizes (-Xss)
#   Set larger code cache with -XX:ReservedCodeCacheSize=
#   JVM is running with Unscaled Compressed Oops mode in which the Java heap is
#     placed in the first 4GB address space. The Java Heap base address is the
#     maximum limit for the native heap growth. Please use -XX:HeapBaseMinAddress
#     to set the Java Heap base and to place the Java Heap above 4GB virtual address.
# This output file may be truncated or incomplete.
#
#  Out of Memory Error (os_windows.cpp:3707), pid=3280, tid=5828
#
# JRE version:  (23.0.2+7) (build )
# Java VM: OpenJDK 64-Bit Server VM (23.0.2+7-58, mixed mode, sharing, tiered, compressed oops, compressed class ptrs, g1 gc, windows-amd64)
# No core dump will be written. Minidumps are not enabled by default on client versions of Windows
#

---------------  S U M M A R Y ------------

Command Line: -javaagent:D:\java\New folder\IntelliJ IDEA Community Edition 2024.3.4.1\lib\idea_rt.jar=50678 -Dfile.encoding=UTF-8 -Dsun.stdout.encoding=UTF-8 -Dsun.stderr.encoding=UTF-8 Main

Host: Intel(R) Core(TM) i5-10200H CPU @ 2.40GHz, 8 cores, 7G,  Windows 10 , 64 bit Build 19041 (10.0.19041.804)
Time: Sat Mar 22 23:13:44 2025 Egypt Standard Time elapsed time: 0.012911 seconds (0d 0h 0m 0s)

---------------  T H R E A D  ---------------

Current thread (0x0000024611f50f10):  JavaThread "Unknown thread" [_thread_in_vm, id=5828, stack(0x000000b778700000,0x000000b778800000) (1024K)]

Stack: [0x000000b778700000,0x000000b778800000]
Native frames: (J=compiled Java code, j=interpreted, Vv=VM code, C=native code)
V  [jvm.dll+0x6e0b99]  (no source info available)
V  [jvm.dll+0x87e2b3]  (no source info available)
V  [jvm.dll+0x88073e]  (no source info available)
V  [jvm.dll+0x880e13]  (no source info available)
V  [jvm.dll+0x27b006]  (no source info available)
V  [jvm.dll+0x6dd485]  (no source info available)
V  [jvm.dll+0x6d127a]  (no source info available)
V  [jvm.dll+0x35b50a]  (no source info available)
V  [jvm.dll+0x363916]  (no source info available)
V  [jvm.dll+0x34fe7e]  (no source info available)
V  [jvm.dll+0x350118]  (no source info available)
V  [jvm.dll+0x328aec]  (no source info available)
V  [jvm.dll+0x32978e]  (no source info available)
V  [jvm.dll+0x8449a5]  (no source info available)
V  [jvm.dll+0x3b9a08]  (no source info available)
V  [jvm.dll+0x82d68c]  (no source info available)
V  [jvm.dll+0x454f2e]  (no source info available)
V  [jvm.dll+0x456db1]  (no source info available)
C  [jli.dll+0x52a3]  (no source info available)
C  [ucrtbase.dll+0x21bb2]  (no source info available)
C  [KERNEL32.DLL+0x17034]  (no source info available)
C  [ntdll.dll+0x52651]  (no source info available)

Lock stack of current Java thread (top to bottom):


---------------  P R O C E S S  ---------------

Threads class SMR info:
_java_thread_list=0x00007ff996384618, length=0, elements={
}

Java Threads: ( => current thread )
Total: 0

Other Threads:
  0x00000246141ccae0 WorkerThread "GC Thread#0"                     [id=15668, stack(0x000000b778800000,0x000000b778900000) (1024K)]
  0x00000246141e1420 ConcurrentGCThread "G1 Main Marker"            [id=9436, stack(0x000000b778900000,0x000000b778a00000) (1024K)]
  0x00000246141e2ee0 WorkerThread "G1 Conc#0"                       [id=3380, stack(0x000000b778a00000,0x000000b778b00000) (1024K)]

[error occurred during error reporting (printing all threads), id 0xc0000005, EXCEPTION_ACCESS_VIOLATION (0xc0000005) at pc=0x00007ff995acc0da]
VM state: not at safepoint (not fully initialized)

VM Mutex/Monitor currently owned by a thread:  ([mutex/lock_event])
[0x00007ff996404988] Heap_lock - owner thread: 0x0000024611f50f10

Heap address: 0x0000000083800000, size: 1992 MB, Compressed Oops mode: 32-bit

CDS archive(s) mapped at: [0x0000000000000000-0x0000000000000000-0x0000000000000000), size 0, SharedBaseAddress: 0x0000000800000000, ArchiveRelocationMode: 1.
Narrow klass base: 0x0000000000000000, Narrow klass shift: 0, Narrow klass range: 0x0

GC Precious Log:
 CardTable entry size: 512
 Card Set container configuration: InlinePtr #cards 5 size 8 Array Of Cards #cards 10 size 36 Howl #buckets 4 coarsen threshold 1843 Howl Bitmap #cards 512 size 80 coarsen threshold 460 Card regions per heap region 1 cards per card region 2048

Heap:
 garbage-first heap   total reserved 2039808K, committed 0K, used 0K [0x0000000083800000, 0x0000000100000000)
  region size 1024K, 0 young (0K), 0 survivors (0K)

[error occurred during error reporting (printing heap information), id 0xc0000005, EXCEPTION_ACCESS_VIOLATION (0xc0000005) at pc=0x00007ff995ecc6a9]
GC Heap History (0 events):
No events

Dll operation events (1 events):
Event: 0.010 Loaded shared library C:\Users\Administrator\.jdks\openjdk-23.0.2\bin\java.dll

Deoptimization events (0 events):
No events

Classes loaded (0 events):
No events

Classes unloaded (0 events):
No events

Classes redefined (0 events):
No events

Internal exceptions (0 events):
No events

VM Operations (0 events):
No events

Memory protections (0 events):
No events

Nmethod flushes (0 events):
No events

Events (0 events):
No events


Dynamic libraries:
0x00007ff643530000 - 0x00007ff64353e000 	C:\Users\Administrator\.jdks\openjdk-23.0.2\bin\java.exe
0x00007ffa031f0000 - 0x00007ffa033e5000 	C:\Windows\SYSTEM32\ntdll.dll
0x00007ffa02910000 - 0x00007ffa029cd000 	C:\Windows\System32\KERNEL32.DLL
0x00007ffa00c10000 - 0x00007ffa00ed8000 	C:\Windows\System32\KERNELBASE.dll
0x00007ffa00a40000 - 0x00007ffa00b40000 	C:\Windows\System32\ucrtbase.dll
0x00007ff9f62e0000 - 0x00007ff9f62fb000 	C:\Users\Administrator\.jdks\openjdk-23.0.2\bin\VCRUNTIME140.dll
0x00007ff9fa270000 - 0x00007ff9fa287000 	C:\Users\Administrator\.jdks\openjdk-23.0.2\bin\jli.dll
0x00007ffa02ce0000 - 0x00007ffa02e80000 	C:\Windows\System32\USER32.dll
0x00007ff9e61d0000 - 0x00007ff9e646a000 	C:\Windows\WinSxS\amd64_microsoft.windows.common-controls_6595b64144ccf1df_6.0.19041.844_none_ca00b6081b84eb1d\COMCTL32.dll
0x00007ffa010c0000 - 0x00007ffa010e2000 	C:\Windows\System32\win32u.dll
0x00007ffa02e80000 - 0x00007ffa02f1e000 	C:\Windows\System32\msvcrt.dll
0x00007ffa03180000 - 0x00007ffa031aa000 	C:\Windows\System32\GDI32.dll
0x00007ffa00f10000 - 0x00007ffa0101b000 	C:\Windows\System32\gdi32full.dll
0x00007ffa01020000 - 0x00007ffa010bd000 	C:\Windows\System32\msvcp_win.dll
0x00007ffa01f00000 - 0x00007ffa01f30000 	C:\Windows\System32\IMM32.DLL
0x00007ff9fa240000 - 0x00007ff9fa24c000 	C:\Users\Administrator\.jdks\openjdk-23.0.2\bin\vcruntime140_1.dll
0x00007ff9eef30000 - 0x00007ff9eefbe000 	C:\Users\Administrator\.jdks\openjdk-23.0.2\bin\msvcp140.dll
0x00007ff995790000 - 0x00007ff9964e0000 	C:\Users\Administrator\.jdks\openjdk-23.0.2\bin\server\jvm.dll
0x00007ffa021b0000 - 0x00007ffa0225c000 	C:\Windows\System32\ADVAPI32.dll
0x00007ffa02870000 - 0x00007ffa0290b000 	C:\Windows\System32\sechost.dll
0x00007ffa03050000 - 0x00007ffa0317b000 	C:\Windows\System32\RPCRT4.dll
0x00007ffa025c0000 - 0x00007ffa0262b000 	C:\Windows\System32\WS2_32.dll
0x00007ff9ffed0000 - 0x00007ff9fff1b000 	C:\Windows\SYSTEM32\POWRPROF.dll
0x00007ff9f86d0000 - 0x00007ff9f86da000 	C:\Windows\SYSTEM32\VERSION.dll
0x00007ff9e02a0000 - 0x00007ff9e02c7000 	C:\Windows\SYSTEM32\WINMM.dll
0x00007ff9ffd90000 - 0x00007ff9ffda2000 	C:\Windows\SYSTEM32\UMPDC.dll
0x00007ff9ff200000 - 0x00007ff9ff212000 	C:\Windows\SYSTEM32\kernel.appcore.dll
0x00007ff9f8b00000 - 0x00007ff9f8b0a000 	C:\Users\Administrator\.jdks\openjdk-23.0.2\bin\jimage.dll
0x00007ff9fef00000 - 0x00007ff9ff0e4000 	C:\Windows\SYSTEM32\DBGHELP.DLL
0x00007ff9e60c0000 - 0x00007ff9e60ec000 	C:\Windows\SYSTEM32\dbgcore.DLL
0x00007ffa00b90000 - 0x00007ffa00c10000 	C:\Windows\System32\bcryptPrimitives.dll
0x00007ff9ea3b0000 - 0x00007ff9ea3bf000 	C:\Users\Administrator\.jdks\openjdk-23.0.2\bin\instrument.dll
0x00007ff9f61f0000 - 0x00007ff9f620e000 	C:\Users\Administrator\.jdks\openjdk-23.0.2\bin\java.dll
0x00007ffa02f20000 - 0x00007ffa0304a000 	C:\Windows\System32\ole32.dll
0x00007ffa02260000 - 0x00007ffa025b5000 	C:\Windows\System32\combase.dll
0x00007ffa01340000 - 0x00007ffa01a82000 	C:\Windows\System32\SHELL32.dll

dbghelp: loaded successfully - version: 4.0.5 - missing functions: none
symbol engine: initialized successfully - sym options: 0x614 - pdb path: .;C:\Users\Administrator\.jdks\openjdk-23.0.2\bin;C:\Windows\SYSTEM32;C:\Windows\WinSxS\amd64_microsoft.windows.common-controls_6595b64144ccf1df_6.0.19041.844_none_ca00b6081b84eb1d;C:\Users\Administrator\.jdks\openjdk-23.0.2\bin\server

VM Arguments:
jvm_args: -javaagent:D:\java\New folder\IntelliJ IDEA Community Edition 2024.3.4.1\lib\idea_rt.jar=50678 -Dfile.encoding=UTF-8 -Dsun.stdout.encoding=UTF-8 -Dsun.stderr.encoding=UTF-8 
java_command: Main
java_class_path (initial): D:\java\EraaSoft\E_wallet\out\production\E_wallet
Launcher Type: SUN_STANDARD

[Global flags]
     intx CICompilerCount                          = 4                                         {product} {ergonomic}
     uint ConcGCThreads                            = 2                                         {product} {ergonomic}
     uint G1ConcRefinementThreads                  = 8                                         {product} {ergonomic}
   size_t G1HeapRegionSize                         = 1048576                                   {product} {ergonomic}
   size_t InitialHeapSize                          = 132120576                                 {product} {ergonomic}
   size_t MarkStackSize                            = 4194304                                   {product} {ergonomic}
   size_t MarkStackSizeMax                         = 536870912                                 {product} {ergonomic}
   size_t MaxHeapSize                              = 2088763392                                {product} {ergonomic}
   size_t MinHeapDeltaBytes                        = 1048576                                   {product} {ergonomic}
   size_t MinHeapSize                              = 8388608                                   {product} {ergonomic}
    uintx NonNMethodCodeHeapSize                   = 5832704                                {pd product} {ergonomic}
    uintx NonProfiledCodeHeapSize                  = 122945536                              {pd product} {ergonomic}
    uintx ProfiledCodeHeapSize                     = 122880000                              {pd product} {ergonomic}
    uintx ReservedCodeCacheSize                    = 251658240                              {pd product} {ergonomic}
     bool SegmentedCodeCache                       = true                                      {product} {ergonomic}
   size_t SoftMaxHeapSize                          = 2088763392                             {manageable} {ergonomic}
     bool UseCompressedOops                        = true                           {product lp64_product} {ergonomic}
     bool UseG1GC                                  = true                                      {product} {ergonomic}
     bool UseLargePagesIndividualAllocation        = false                                  {pd product} {ergonomic}

Logging:
Log output configuration:
 #0: stdout all=warning uptime,level,tags foldmultilines=false
 #1: stderr all=off uptime,level,tags foldmultilines=false

Environment Variables:
PATH=C:\Python312\Scripts\;C:\Python312\;C:\oraclexe\app\oracle\product\11.2.0\server\bin;C:\Program Files\Common Files\Oracle\Java\javapath;C:\ProgramData\Oracle\Java\javapath;C:\Program Files (x86)\Common Files\Oracle\Java\javapath;C:\Windows\system32;C:\Windows;C:\Windows\System32\Wbem;C:\Windows\System32\WindowsPowerShell\v1.0\;C:\Windows\System32\OpenSSH\;C:\Program Files\NVIDIA Corporation\NVIDIA NvDLISR;C:\Program Files (x86)\NVIDIA Corporation\PhysX\Common;C:\ProgramData\chocolatey\bin;C:\Program Files\nodejs\;C:\Program Files\Git\cmd;C:\Users\Administrator\.console-ninja\.bin;C:\Users\Administrator\AppData\Local\Programs\Python\Python37\Scripts\;C:\Users\Administrator\AppData\Local\Programs\Python\Python37\;C:\Users\Administrator\AppData\Local\Microsoft\WindowsApps;C:\Users\Administrator\.dotnet\tools;C:\Users\Administrator\AppData\Local\Programs\Microsoft VS Code\bin;C:\Users\Administrator\AppData\Roaming\npm
USERNAME=Administrator
OS=Windows_NT
PROCESSOR_IDENTIFIER=Intel64 Family 6 Model 165 Stepping 2, GenuineIntel
TMP=C:\Users\ADMINI~1\AppData\Local\Temp
TEMP=C:\Users\ADMINI~1\AppData\Local\Temp




Periodic native trim disabled

---------------  S Y S T E M  ---------------

OS:
 Windows 10 , 64 bit Build 19041 (10.0.19041.804)
OS uptime: 0 days 1:12 hours

CPU: total 8 (initial active 8) (4 cores per cpu, 2 threads per core) family 6 model 165 stepping 2 microcode 0xea, cx8, cmov, fxsr, ht, mmx, 3dnowpref, sse, sse2, sse3, ssse3, sse4.1, sse4.2, popcnt, lzcnt, tsc, tscinvbit, avx, avx2, aes, erms, clmul, bmi1, bmi2, adx, fma, vzeroupper, clflush, clflushopt, rdtscp, f16c, pku
Processor Information for the first 8 processors :
  Max Mhz: 2400, Current Mhz: 2400, Mhz Limit: 2400

Memory: 4k page, system-wide physical 7967M (723M free)
TotalPageFile size 19763M (AvailPageFile size 30M)
current process WorkingSet (physical memory assigned to process): 11M, peak: 11M
current process commit charge ("private bytes"): 60M, peak: 186M

vm_info: OpenJDK 64-Bit Server VM (23.0.2+7-58) for windows-amd64 JRE (23.0.2+7-58), built on 2024-11-29T09:34:55Z with MS VC++ 17.6 (VS2022)

END.
